<?xml version="1.0" encoding="UTF-8"?>
<!-- Generated by org.testng.reporters.JUnitReportReporter -->
<testsuite hostname="MX-IT-SAUOSORIO" failures="0" tests="1" name="com.solera.app.icon.IconTest" time="6.620" errors="0" timestamp="2023-03-07T16:37:42 CET" skipped="0">
  <testcase classname="com.solera.app.icon.IconTest" name="iconTest" time="6.620"/>
  <system-out/>
</testsuite> <!-- com.solera.app.icon.IconTest -->
